Started at Tue Mar 23 12:47:03 UTC 2021
Processing build_all
Offering build_all to Project Build Discarder
Processing build_backend
Offering build_backend to Project Build Discarder
Processing build_frontend
Offering build_frontend to Project Build Discarder
Processing Deploy backend to host
Offering Deploy backend to host to Project Build Discarder
Processing Deploy frontend to host
Offering Deploy frontend to host to Project Build Discarder
Processing Deploy_all
Offering Deploy_all to Project Build Discarder
Processing HelloWorld
Offering HelloWorld to Project Build Discarder
Processing Test
Offering Test to Project Build Discarder
Processing Validate_backend
Offering Validate_backend to Project Build Discarder
Processing Validate_frontend
Offering Validate_frontend to Project Build Discarder
Finished at Tue Mar 23 12:47:03 UTC 2021. 1ms
Started at Tue Mar 23 13:47:03 UTC 2021
Processing build_all
Offering build_all to Project Build Discarder
Processing build_backend
Offering build_backend to Project Build Discarder
Processing build_frontend
Offering build_frontend to Project Build Discarder
Processing Deploy backend to host
Offering Deploy backend to host to Project Build Discarder
Processing Deploy frontend to host
Offering Deploy frontend to host to Project Build Discarder
Processing Deploy_all
Offering Deploy_all to Project Build Discarder
Processing HelloWorld
Offering HelloWorld to Project Build Discarder
Processing Test
Offering Test to Project Build Discarder
Processing Validate_backend
Offering Validate_backend to Project Build Discarder
Processing Validate_frontend
Offering Validate_frontend to Project Build Discarder
Finished at Tue Mar 23 13:47:03 UTC 2021. 4ms
Started at Tue Mar 23 14:47:03 UTC 2021
Processing build_all
Offering build_all to Project Build Discarder
Processing build_backend
Offering build_backend to Project Build Discarder
Processing build_frontend
Offering build_frontend to Project Build Discarder
Processing Deploy backend to host
Offering Deploy backend to host to Project Build Discarder
Processing Deploy frontend to host
Offering Deploy frontend to host to Project Build Discarder
Processing Deploy_all
Offering Deploy_all to Project Build Discarder
Processing HelloWorld
Offering HelloWorld to Project Build Discarder
Processing Test
Offering Test to Project Build Discarder
Processing Validate_backend
Offering Validate_backend to Project Build Discarder
Processing Validate_frontend
Offering Validate_frontend to Project Build Discarder
Finished at Tue Mar 23 14:47:03 UTC 2021. 2ms
