Started at Mon Mar 22 06:12:55 UTC 2021
Checking build_all
Checking build_backend
Checking build_frontend
Checking Deploy backend to host
Checking Deploy frontend to host
Checking Deploy_all
Checking HelloWorld
Checking Test
Checking Validate_backend
Checking Validate_frontend
Finished at Mon Mar 22 06:12:55 UTC 2021. 12ms
Started at Tue Mar 23 06:12:55 UTC 2021
Checking build_all
Checking build_backend
Checking build_frontend
Checking Deploy backend to host
Checking Deploy frontend to host
Checking Deploy_all
Checking HelloWorld
Checking Test
Checking Validate_backend
Checking Validate_frontend
Finished at Tue Mar 23 06:12:55 UTC 2021. 19ms
